<?xml version="1.0" encoding="UTF-8"?>
<!-- Generated by org.testng.reporters.JUnitXMLReporter -->
<testsuite ignored="0" hostname="RAKESH" failures="1" tests="1" name="Test" time="31.025" errors="0" timestamp="2025-04-11T07:19:36 IST">
  <testcase classname="inventoryTests.AddLowestProductToCart" name="tc_002_AddLowestProductToCart" time="6.184">
    <failure type="java.lang.AssertionError" message="expected [Sauce demo pack] but found [Sauce Labs Onesie]">
      <![CDATA[java.lang.AssertionError: expected [Sauce demo pack] but found [Sauce Labs Onesie]
at inventoryTests.AddLowestProductToCart.tc_002_AddLowestProductToCart(AddLowestProductToCart.java:45)
at java.base/java.util.ArrayList.forEach(ArrayList.java:1511)
... Removed 33 stack frames]]>
    </failure>
  </testcase> <!-- tc_002_AddLowestProductToCart -->
</testsuite> <!-- Test -->
